[0826/173130.463:ERROR:process_reader_win.cc(123)] NtOpenThread: {액세스 거부} 프로세스가 개체에 액세스를 요구했지만 액세스 권한이 없습니다. (0xc0000022)
[0826/173130.468:ERROR:exception_snapshot_win.cc(98)] thread ID 18392 not found in process
[0826/173130.484:ERROR:process_reader_win.cc(123)] NtOpenThread: {액세스 거부} 프로세스가 개체에 액세스를 요구했지만 액세스 권한이 없습니다. (0xc0000022)
[0826/173130.485:ERROR:exception_snapshot_win.cc(98)] thread ID 15960 not found in process
[0826/173130.499:ERROR:process_reader_win.cc(123)] NtOpenThread: {액세스 거부} 프로세스가 개체에 액세스를 요구했지만 액세스 권한이 없습니다. (0xc0000022)
[0826/173130.500:ERROR:exception_snapshot_win.cc(98)] thread ID 36056 not found in process
[0826/180305.842:ERROR:process_reader_win.cc(151)] SuspendThread: 액세스가 거부되었습니다. (0x5)
[0826/180305.842:ERROR:process_reader_win.cc(151)] SuspendThread: 액세스가 거부되었습니다. (0x5)
[0826/180305.857:ERROR:process_reader_win.cc(151)] SuspendThread: 액세스가 거부되었습니다. (0x5)
[0826/180305.857:ERROR:process_reader_win.cc(123)] NtOpenThread: {액세스 거부} 프로세스가 개체에 액세스를 요구했지만 액세스 권한이 없습니다. (0xc0000022)
[0826/180305.857:ERROR:exception_snapshot_win.cc(98)] thread ID 59356 not found in process
[0826/180305.857:ERROR:process_reader_win.cc(123)] NtOpenThread: {액세스 거부} 프로세스가 개체에 액세스를 요구했지만 액세스 권한이 없습니다. (0xc0000022)
[0826/180305.857:ERROR:exception_snapshot_win.cc(98)] thread ID 43360 not found in process
[0826/180305.842:ERROR:process_reader_win.cc(123)] NtOpenThread: {액세스 거부} 프로세스가 개체에 액세스를 요구했지만 액세스 권한이 없습니다. (0xc0000022)
[0826/180305.974:ERROR:exception_snapshot_win.cc(98)] thread ID 25684 not found in process
[0826/180305.842:ERROR:process_reader_win.cc(123)] NtOpenThread: {액세스 거부} 프로세스가 개체에 액세스를 요구했지만 액세스 권한이 없습니다. (0xc0000022)
[0826/180306.005:ERROR:exception_snapshot_win.cc(98)] thread ID 47968 not found in process
[0826/180306.042:ERROR:process_reader_win.cc(123)] NtOpenThread: {액세스 거부} 프로세스가 개체에 액세스를 요구했지만 액세스 권한이 없습니다. (0xc0000022)
[0826/180306.042:ERROR:process_reader_win.cc(123)] NtOpenThread: {액세스 거부} 프로세스가 개체에 액세스를 요구했지만 액세스 권한이 없습니다. (0xc0000022)
[0826/180306.042:ERROR:exception_snapshot_win.cc(98)] thread ID 27080 not found in process
[0826/180306.042:ERROR:exception_snapshot_win.cc(98)] thread ID 22024 not found in process
[0826/180306.286:ERROR:process_reader_win.cc(123)] NtOpenThread: {액세스 거부} 프로세스가 개체에 액세스를 요구했지만 액세스 권한이 없습니다. (0xc0000022)
[0826/180306.286:ERROR:exception_snapshot_win.cc(98)] thread ID 34312 not found in process
[0826/180306.290:ERROR:process_reader_win.cc(123)] NtOpenThread: {액세스 거부} 프로세스가 개체에 액세스를 요구했지만 액세스 권한이 없습니다. (0xc0000022)
[0826/180306.290:ERROR:exception_snapshot_win.cc(98)] thread ID 38316 not found in process
[0826/193750.569:ERROR:process_reader_win.cc(123)] NtOpenThread: {액세스 거부} 프로세스가 개체에 액세스를 요구했지만 액세스 권한이 없습니다. (0xc0000022)
[0826/193750.571:ERROR:exception_snapshot_win.cc(98)] thread ID 38804 not found in process
[0826/193755.610:ERROR:process_reader_win.cc(108)] process 15264 not found
[0826/193755.612:ERROR:exception_snapshot_win.cc(98)] thread ID 29796 not found in process
[0826/193755.612:ERROR:scoped_process_suspend.cc(40)] NtResumeProcess: 기존 프로세스에 액세스하려고 했습니다. (0xc000010a)
[0826/193755.796:ERROR:process_reader_win.cc(123)] NtOpenThread: {액세스 거부} 프로세스가 개체에 액세스를 요구했지만 액세스 권한이 없습니다. (0xc0000022)
[0826/193755.797:ERROR:exception_snapshot_win.cc(98)] thread ID 51432 not found in process
[0827/224212.615:ERROR:process_reader_win.cc(123)] NtOpenThread: {액세스 거부} 프로세스가 개체에 액세스를 요구했지만 액세스 권한이 없습니다. (0xc0000022)
[0827/224212.615:ERROR:process_reader_win.cc(123)] NtOpenThread: {액세스 거부} 프로세스가 개체에 액세스를 요구했지만 액세스 권한이 없습니다. (0xc0000022)
[0827/224212.619:ERROR:exception_snapshot_win.cc(98)] thread ID 42220 not found in process
[0827/224212.619:ERROR:exception_snapshot_win.cc(98)] thread ID 47304 not found in process
[0827/224212.621:ERROR:process_reader_win.cc(123)] NtOpenThread: {액세스 거부} 프로세스가 개체에 액세스를 요구했지만 액세스 권한이 없습니다. (0xc0000022)
[0827/224212.622:ERROR:exception_snapshot_win.cc(98)] thread ID 43148 not found in process
[0827/224454.864:ERROR:process_reader_win.cc(151)] SuspendThread: 액세스가 거부되었습니다. (0x5)
[0827/224454.866:ERROR:process_reader_win.cc(123)] NtOpenThread: {액세스 거부} 프로세스가 개체에 액세스를 요구했지만 액세스 권한이 없습니다. (0xc0000022)
[0827/224454.867:ERROR:exception_snapshot_win.cc(98)] thread ID 59700 not found in process
[0827/224454.887:ERROR:process_reader_win.cc(123)] NtOpenThread: {액세스 거부} 프로세스가 개체에 액세스를 요구했지만 액세스 권한이 없습니다. (0xc0000022)
[0827/224454.888:ERROR:exception_snapshot_win.cc(98)] thread ID 44292 not found in process
[0827/224454.907:ERROR:process_reader_win.cc(123)] NtOpenThread: {액세스 거부} 프로세스가 개체에 액세스를 요구했지만 액세스 권한이 없습니다. (0xc0000022)
[0827/224454.907:ERROR:exception_snapshot_win.cc(98)] thread ID 30532 not found in process
[0827/225519.142:ERROR:process_reader_win.cc(151)] SuspendThread: 액세스가 거부되었습니다. (0x5)
[0827/225519.150:ERROR:process_reader_win.cc(151)] SuspendThread: 액세스가 거부되었습니다. (0x5)
[0827/225519.163:ERROR:process_reader_win.cc(123)] NtOpenThread: {액세스 거부} 프로세스가 개체에 액세스를 요구했지만 액세스 권한이 없습니다. (0xc0000022)
[0827/225519.163:ERROR:exception_snapshot_win.cc(98)] thread ID 46668 not found in process
[0827/225519.162:ERROR:process_reader_win.cc(123)] NtOpenThread: {액세스 거부} 프로세스가 개체에 액세스를 요구했지만 액세스 권한이 없습니다. (0xc0000022)
[0827/225519.166:ERROR:exception_snapshot_win.cc(98)] thread ID 58376 not found in process
[0827/225519.168:ERROR:process_reader_win.cc(151)] SuspendThread: 액세스가 거부되었습니다. (0x5)
[0827/225519.169:ERROR:process_reader_win.cc(123)] NtOpenThread: {액세스 거부} 프로세스가 개체에 액세스를 요구했지만 액세스 권한이 없습니다. (0xc0000022)
[0827/225519.169:ERROR:exception_snapshot_win.cc(98)] thread ID 59572 not found in process
[0827/225519.189:ERROR:process_reader_win.cc(123)] NtOpenThread: {액세스 거부} 프로세스가 개체에 액세스를 요구했지만 액세스 권한이 없습니다. (0xc0000022)
[0827/225519.189:ERROR:exception_snapshot_win.cc(98)] thread ID 50392 not found in process
[0827/234532.563:ERROR:process_reader_win.cc(123)] NtOpenThread: {액세스 거부} 프로세스가 개체에 액세스를 요구했지만 액세스 권한이 없습니다. (0xc0000022)
[0827/234532.563:ERROR:process_reader_win.cc(123)] NtOpenThread: {액세스 거부} 프로세스가 개체에 액세스를 요구했지만 액세스 권한이 없습니다. (0xc0000022)
[0827/234532.566:ERROR:exception_snapshot_win.cc(98)] thread ID 62236 not found in process
[0827/234532.566:ERROR:exception_snapshot_win.cc(98)] thread ID 52604 not found in process
[0827/234532.587:ERROR:process_reader_win.cc(123)] NtOpenThread: {액세스 거부} 프로세스가 개체에 액세스를 요구했지만 액세스 권한이 없습니다. (0xc0000022)
[0827/234532.587:ERROR:exception_snapshot_win.cc(98)] thread ID 60148 not found in process
[0828/000459.969:ERROR:process_reader_win.cc(123)] NtOpenThread: {액세스 거부} 프로세스가 개체에 액세스를 요구했지만 액세스 권한이 없습니다. (0xc0000022)
[0828/000500.000:ERROR:process_reader_win.cc(123)] NtOpenThread: {액세스 거부} 프로세스가 개체에 액세스를 요구했지만 액세스 권한이 없습니다. (0xc0000022)
[0828/000500.012:ERROR:exception_snapshot_win.cc(98)] thread ID 13184 not found in process
[0828/000500.012:ERROR:exception_snapshot_win.cc(98)] thread ID 54268 not found in process
[0828/000700.184:ERROR:process_reader_win.cc(151)] SuspendThread: 액세스가 거부되었습니다. (0x5)
[0828/000700.192:ERROR:process_reader_win.cc(151)] SuspendThread: 액세스가 거부되었습니다. (0x5)
[0828/000700.192:ERROR:process_reader_win.cc(151)] SuspendThread: 액세스가 거부되었습니다. (0x5)
[0828/000700.192:ERROR:process_reader_win.cc(151)] SuspendThread: 액세스가 거부되었습니다. (0x5)
[0828/000700.193:ERROR:process_reader_win.cc(151)] SuspendThread: 액세스가 거부되었습니다. (0x5)
[0828/000700.193:ERROR:process_reader_win.cc(151)] SuspendThread: 액세스가 거부되었습니다. (0x5)
[0828/000700.193:ERROR:process_reader_win.cc(151)] SuspendThread: 액세스가 거부되었습니다. (0x5)
[0828/000700.193:ERROR:process_reader_win.cc(151)] SuspendThread: 액세스가 거부되었습니다. (0x5)
[0828/000700.193:ERROR:process_reader_win.cc(151)] SuspendThread: 액세스가 거부되었습니다. (0x5)
[0828/000700.193:ERROR:process_reader_win.cc(123)] NtOpenThread: {액세스 거부} 프로세스가 개체에 액세스를 요구했지만 액세스 권한이 없습니다. (0xc0000022)
[0828/000700.193:ERROR:exception_snapshot_win.cc(98)] thread ID 38688 not found in process
[0828/000700.177:ERROR:process_reader_win.cc(151)] SuspendThread: 액세스가 거부되었습니다. (0x5)
[0828/000700.217:ERROR:process_reader_win.cc(151)] SuspendThread: 액세스가 거부되었습니다. (0x5)
[0828/000700.219:ERROR:process_reader_win.cc(123)] NtOpenThread: {액세스 거부} 프로세스가 개체에 액세스를 요구했지만 액세스 권한이 없습니다. (0xc0000022)
[0828/000700.226:ERROR:exception_snapshot_win.cc(98)] thread ID 34016 not found in process
[0828/000700.209:ERROR:process_reader_win.cc(123)] NtOpenThread: {액세스 거부} 프로세스가 개체에 액세스를 요구했지만 액세스 권한이 없습니다. (0xc0000022)
[0828/000700.226:ERROR:exception_snapshot_win.cc(98)] thread ID 31976 not found in process
[0828/000700.227:ERROR:process_reader_win.cc(151)] SuspendThread: 액세스가 거부되었습니다. (0x5)
[0828/000700.228:ERROR:process_reader_win.cc(151)] SuspendThread: 액세스가 거부되었습니다. (0x5)
[0828/000700.228:ERROR:process_reader_win.cc(151)] SuspendThread: 액세스가 거부되었습니다. (0x5)
[0828/000700.228:ERROR:process_reader_win.cc(151)] SuspendThread: 액세스가 거부되었습니다. (0x5)
[0828/000700.228:ERROR:process_reader_win.cc(151)] SuspendThread: 액세스가 거부되었습니다. (0x5)
[0828/000700.228:ERROR:process_reader_win.cc(151)] SuspendThread: 액세스가 거부되었습니다. (0x5)
[0828/000700.229:ERROR:process_reader_win.cc(151)] SuspendThread: 액세스가 거부되었습니다. (0x5)
[0828/000700.229:ERROR:process_reader_win.cc(151)] SuspendThread: 액세스가 거부되었습니다. (0x5)
[0828/000700.229:ERROR:process_reader_win.cc(151)] SuspendThread: 액세스가 거부되었습니다. (0x5)
[0828/000700.229:ERROR:process_reader_win.cc(151)] SuspendThread: 액세스가 거부되었습니다. (0x5)
[0828/000700.229:ERROR:process_reader_win.cc(151)] SuspendThread: 액세스가 거부되었습니다. (0x5)
[0828/000700.229:ERROR:process_reader_win.cc(151)] SuspendThread: 액세스가 거부되었습니다. (0x5)
[0828/000700.229:ERROR:process_reader_win.cc(151)] SuspendThread: 액세스가 거부되었습니다. (0x5)
[0828/000700.229:ERROR:process_reader_win.cc(151)] SuspendThread: 액세스가 거부되었습니다. (0x5)
[0828/000700.229:ERROR:process_reader_win.cc(123)] NtOpenThread: {액세스 거부} 프로세스가 개체에 액세스를 요구했지만 액세스 권한이 없습니다. (0xc0000022)
[0828/000700.229:ERROR:exception_snapshot_win.cc(98)] thread ID 11244 not found in process
[0828/000700.274:ERROR:process_reader_win.cc(123)] NtOpenThread: {액세스 거부} 프로세스가 개체에 액세스를 요구했지만 액세스 권한이 없습니다. (0xc0000022)
[0828/000700.274:ERROR:exception_snapshot_win.cc(98)] thread ID 21216 not found in process
[0828/000700.276:ERROR:process_reader_win.cc(123)] NtOpenThread: {액세스 거부} 프로세스가 개체에 액세스를 요구했지만 액세스 권한이 없습니다. (0xc0000022)
[0828/000700.276:ERROR:exception_snapshot_win.cc(98)] thread ID 51488 not found in process
[0828/000700.278:ERROR:process_reader_win.cc(123)] NtOpenThread: {액세스 거부} 프로세스가 개체에 액세스를 요구했지만 액세스 권한이 없습니다. (0xc0000022)
[0828/000700.278:ERROR:exception_snapshot_win.cc(98)] thread ID 34264 not found in process
[0828/001130.408:ERROR:process_reader_win.cc(123)] NtOpenThread: {액세스 거부} 프로세스가 개체에 액세스를 요구했지만 액세스 권한이 없습니다. (0xc0000022)
[0828/001130.448:ERROR:exception_snapshot_win.cc(98)] thread ID 17020 not found in process
[0828/001130.429:ERROR:process_reader_win.cc(123)] NtOpenThread: {액세스 거부} 프로세스가 개체에 액세스를 요구했지만 액세스 권한이 없습니다. (0xc0000022)
[0828/001130.448:ERROR:exception_snapshot_win.cc(98)] thread ID 37624 not found in process
[0828/001130.458:ERROR:process_reader_win.cc(123)] NtOpenThread: {액세스 거부} 프로세스가 개체에 액세스를 요구했지만 액세스 권한이 없습니다. (0xc0000022)
[0828/001130.458:ERROR:exception_snapshot_win.cc(98)] thread ID 59364 not found in process
[0828/001130.476:ERROR:process_reader_win.cc(123)] NtOpenThread: {액세스 거부} 프로세스가 개체에 액세스를 요구했지만 액세스 권한이 없습니다. (0xc0000022)
[0828/001130.476:ERROR:exception_snapshot_win.cc(98)] thread ID 21844 not found in process
[0828/001130.428:ERROR:process_reader_win.cc(123)] NtOpenThread: {액세스 거부} 프로세스가 개체에 액세스를 요구했지만 액세스 권한이 없습니다. (0xc0000022)
[0828/001130.478:ERROR:exception_snapshot_win.cc(98)] thread ID 58632 not found in process
[0828/001130.435:ERROR:process_reader_win.cc(123)] NtOpenThread: {액세스 거부} 프로세스가 개체에 액세스를 요구했지만 액세스 권한이 없습니다. (0xc0000022)
[0828/001130.481:ERROR:exception_snapshot_win.cc(98)] thread ID 56612 not found in process
[0828/001130.483:ERROR:process_reader_win.cc(123)] NtOpenThread: {액세스 거부} 프로세스가 개체에 액세스를 요구했지만 액세스 권한이 없습니다. (0xc0000022)
[0828/001130.483:ERROR:exception_snapshot_win.cc(98)] thread ID 2628 not found in process
[0828/001130.446:ERROR:process_reader_win.cc(123)] NtOpenThread: {액세스 거부} 프로세스가 개체에 액세스를 요구했지만 액세스 권한이 없습니다. (0xc0000022)
[0828/001130.484:ERROR:exception_snapshot_win.cc(98)] thread ID 8036 not found in process
[0828/001130.516:ERROR:process_reader_win.cc(123)] NtOpenThread: {액세스 거부} 프로세스가 개체에 액세스를 요구했지만 액세스 권한이 없습니다. (0xc0000022)
[0828/001130.516:ERROR:exception_snapshot_win.cc(98)] thread ID 15236 not found in process
[0828/001813.547:ERROR:process_reader_win.cc(123)] NtOpenThread: {액세스 거부} 프로세스가 개체에 액세스를 요구했지만 액세스 권한이 없습니다. (0xc0000022)
[0828/001813.547:ERROR:process_reader_win.cc(123)] NtOpenThread: {액세스 거부} 프로세스가 개체에 액세스를 요구했지만 액세스 권한이 없습니다. (0xc0000022)
[0828/001813.582:ERROR:process_reader_win.cc(123)] NtOpenThread: {액세스 거부} 프로세스가 개체에 액세스를 요구했지만 액세스 권한이 없습니다. (0xc0000022)
[0828/001813.619:ERROR:exception_snapshot_win.cc(98)] thread ID 61228 not found in process
[0828/001813.620:ERROR:exception_snapshot_win.cc(98)] thread ID 47424 not found in process
[0828/001813.623:ERROR:exception_snapshot_win.cc(98)] thread ID 52440 not found in process
[0828/002201.064:ERROR:process_reader_win.cc(151)] SuspendThread: 액세스가 거부되었습니다. (0x5)
[0828/002201.066:ERROR:exception_snapshot_win.cc(98)] thread ID 40832 not found in process
[0828/002201.066:ERROR:scoped_process_suspend.cc(40)] NtResumeProcess: 기존 프로세스에 액세스하려고 했습니다. (0xc000010a)
[0828/010219.146:ERROR:process_reader_win.cc(123)] NtOpenThread: {액세스 거부} 프로세스가 개체에 액세스를 요구했지만 액세스 권한이 없습니다. (0xc0000022)
[0828/010219.179:ERROR:exception_snapshot_win.cc(98)] thread ID 21692 not found in process
[0828/010219.192:ERROR:process_reader_win.cc(123)] NtOpenThread: {액세스 거부} 프로세스가 개체에 액세스를 요구했지만 액세스 권한이 없습니다. (0xc0000022)
[0828/010219.193:ERROR:exception_snapshot_win.cc(98)] thread ID 49552 not found in process
[0828/014237.777:ERROR:process_reader_win.cc(123)] NtOpenThread: {액세스 거부} 프로세스가 개체에 액세스를 요구했지만 액세스 권한이 없습니다. (0xc0000022)
[0828/014237.781:ERROR:exception_snapshot_win.cc(98)] thread ID 61532 not found in process
[0828/014237.820:ERROR:process_reader_win.cc(123)] NtOpenThread: {액세스 거부} 프로세스가 개체에 액세스를 요구했지만 액세스 권한이 없습니다. (0xc0000022)
[0828/014237.820:ERROR:exception_snapshot_win.cc(98)] thread ID 42868 not found in process
[0831/205126.709:ERROR:process_reader_win.cc(151)] SuspendThread: ???? ???????. (0x5)
[0831/205126.710:ERROR:process_reader_win.cc(151)] SuspendThread: ???? ???????. (0x5)
[0831/205126.710:ERROR:process_reader_win.cc(151)] SuspendThread: ???? ???????. (0x5)
[0831/205126.710:ERROR:process_reader_win.cc(151)] SuspendThread: ???? ???????. (0x5)
[0831/205126.710:ERROR:process_reader_win.cc(151)] SuspendThread: ???? ???????. (0x5)
[0831/205126.710:ERROR:process_reader_win.cc(151)] SuspendThread: ???? ???????. (0x5)
[0831/205126.710:ERROR:process_reader_win.cc(151)] SuspendThread: ???? ???????. (0x5)
[0831/205126.710:ERROR:process_reader_win.cc(151)] SuspendThread: ???? ???????. (0x5)
[0831/205126.710:ERROR:process_reader_win.cc(151)] SuspendThread: ???? ???????. (0x5)
[0831/205126.710:ERROR:process_reader_win.cc(151)] SuspendThread: ???? ???????. (0x5)
[0831/205126.710:ERROR:process_reader_win.cc(151)] SuspendThread: ???? ???????. (0x5)
[0831/205126.710:ERROR:process_reader_win.cc(151)] SuspendThread: ???? ???????. (0x5)
[0831/205126.710:ERROR:process_reader_win.cc(151)] SuspendThread: ???? ???????. (0x5)
[0831/205126.710:ERROR:process_reader_win.cc(151)] SuspendThread: ???? ???????. (0x5)
[0831/205126.710:ERROR:process_reader_win.cc(151)] SuspendThread: ???? ???????. (0x5)
[0831/205126.710:ERROR:process_reader_win.cc(151)] SuspendThread: ???? ???????. (0x5)
[0831/205126.710:ERROR:process_reader_win.cc(151)] SuspendThread: ???? ???????. (0x5)
[0831/205126.710:ERROR:process_reader_win.cc(151)] SuspendThread: ???? ???????. (0x5)
[0831/205126.710:ERROR:process_reader_win.cc(123)] NtOpenThread: {??? ??} ????? ??? ???? ????? ??? ??? ????. (0xc0000022)
[0831/205126.711:ERROR:exception_snapshot_win.cc(99)] thread ID 12988 not found in process
[0831/205126.710:ERROR:process_reader_win.cc(151)] SuspendThread: ???? ???????. (0x5)
[0831/205126.711:ERROR:process_reader_win.cc(151)] SuspendThread: ???? ???????. (0x5)
[0831/205126.711:ERROR:process_reader_win.cc(151)] SuspendThread: ???? ???????. (0x5)
[0831/205126.711:ERROR:process_reader_win.cc(151)] SuspendThread: ???? ???????. (0x5)
[0831/205126.711:ERROR:process_reader_win.cc(151)] SuspendThread: ???? ???????. (0x5)
[0831/205126.711:ERROR:process_reader_win.cc(151)] SuspendThread: ???? ???????. (0x5)
[0831/205126.711:ERROR:process_reader_win.cc(151)] SuspendThread: ???? ???????. (0x5)
[0831/205126.711:ERROR:process_reader_win.cc(151)] SuspendThread: ???? ???????. (0x5)
[0831/205126.711:ERROR:process_reader_win.cc(151)] SuspendThread: ???? ???????. (0x5)
[0831/205126.711:ERROR:process_reader_win.cc(123)] NtOpenThread: {??? ??} ????? ??? ???? ????? ??? ??? ????. (0xc0000022)
[0831/205126.711:ERROR:exception_snapshot_win.cc(99)] thread ID 12304 not found in process
[0831/205126.739:ERROR:process_reader_win.cc(151)] SuspendThread: ???? ???????. (0x5)
[0831/205126.740:ERROR:process_reader_win.cc(151)] SuspendThread: ???? ???????. (0x5)
[0831/205126.740:ERROR:process_reader_win.cc(151)] SuspendThread: ???? ???????. (0x5)
[0831/205126.740:ERROR:process_reader_win.cc(151)] SuspendThread: ???? ???????. (0x5)
[0831/205126.740:ERROR:process_reader_win.cc(151)] SuspendThread: ???? ???????. (0x5)
[0831/205126.740:ERROR:process_reader_win.cc(123)] NtOpenThread: {??? ??} ????? ??? ???? ????? ??? ??? ????. (0xc0000022)
[0831/205126.740:ERROR:exception_snapshot_win.cc(99)] thread ID 7684 not found in process
[0831/205126.743:ERROR:process_reader_win.cc(151)] SuspendThread: ???? ???????. (0x5)
[0831/205126.743:ERROR:process_reader_win.cc(151)] SuspendThread: ???? ???????. (0x5)
[0831/205126.743:ERROR:process_reader_win.cc(151)] SuspendThread: ???? ???????. (0x5)
[0831/205126.743:ERROR:process_reader_win.cc(151)] SuspendThread: ???? ???????. (0x5)
[0831/205126.743:ERROR:process_reader_win.cc(151)] SuspendThread: ???? ???????. (0x5)
[0831/205126.743:ERROR:process_reader_win.cc(151)] SuspendThread: ???? ???????. (0x5)
[0831/205126.743:ERROR:process_reader_win.cc(123)] NtOpenThread: {??? ??} ????? ??? ???? ????? ??? ??? ????. (0xc0000022)
[0831/205126.743:ERROR:exception_snapshot_win.cc(99)] thread ID 5824 not found in process
[0831/222953.978:ERROR:process_reader_win.cc(123)] NtOpenThread: {??? ??} ????? ??? ???? ????? ??? ??? ????. (0xc0000022)
[0831/222953.980:ERROR:exception_snapshot_win.cc(99)] thread ID 32172 not found in process
[0831/222953.978:ERROR:process_reader_win.cc(151)] SuspendThread: ???? ???????. (0x5)
[0831/222953.980:ERROR:process_reader_win.cc(151)] SuspendThread: ???? ???????. (0x5)
[0831/222953.980:ERROR:process_reader_win.cc(151)] SuspendThread: ???? ???????. (0x5)
[0831/222953.980:ERROR:process_reader_win.cc(123)] NtOpenThread: {??? ??} ????? ??? ???? ????? ??? ??? ????. (0xc0000022)
[0831/222953.981:ERROR:exception_snapshot_win.cc(99)] thread ID 37468 not found in process
[0831/222954.009:ERROR:process_reader_win.cc(151)] SuspendThread: ???? ???????. (0x5)
[0831/222954.009:ERROR:process_reader_win.cc(123)] NtOpenThread: {??? ??} ????? ??? ???? ????? ??? ??? ????. (0xc0000022)
[0831/222954.009:ERROR:exception_snapshot_win.cc(99)] thread ID 28772 not found in process
[0831/222954.010:ERROR:process_reader_win.cc(151)] SuspendThread: ???? ???????. (0x5)
[0831/222954.010:ERROR:process_reader_win.cc(151)] SuspendThread: ???? ???????. (0x5)
[0831/222954.010:ERROR:process_reader_win.cc(151)] SuspendThread: ???? ???????. (0x5)
[0831/222954.010:ERROR:process_reader_win.cc(151)] SuspendThread: ???? ???????. (0x5)
[0831/222954.010:ERROR:process_reader_win.cc(151)] SuspendThread: ???? ???????. (0x5)
[0831/222954.010:ERROR:process_reader_win.cc(123)] NtOpenThread: {??? ??} ????? ??? ???? ????? ??? ??? ????. (0xc0000022)
[0831/222954.010:ERROR:exception_snapshot_win.cc(99)] thread ID 35472 not found in process
[0901/144317.002:ERROR:process_reader_win.cc(151)] SuspendThread: ???? ???????. (0x5)
[0901/144317.002:ERROR:process_reader_win.cc(151)] SuspendThread: ???? ???????. (0x5)
[0901/144317.004:ERROR:process_reader_win.cc(151)] SuspendThread: ???? ???????. (0x5)
[0901/144317.003:ERROR:process_reader_win.cc(151)] SuspendThread: ???? ???????. (0x5)
[0901/144317.004:ERROR:process_reader_win.cc(123)] NtOpenThread: {??? ??} ????? ??? ???? ????? ??? ??? ????. (0xc0000022)
[0901/144317.004:ERROR:exception_snapshot_win.cc(99)] thread ID 14184 not found in process
[0901/144317.004:ERROR:process_reader_win.cc(123)] NtOpenThread: {??? ??} ????? ??? ???? ????? ??? ??? ????. (0xc0000022)
[0901/144317.004:ERROR:exception_snapshot_win.cc(99)] thread ID 12664 not found in process
[0901/144317.014:ERROR:process_reader_win.cc(123)] NtOpenThread: {??? ??} ????? ??? ???? ????? ??? ??? ????. (0xc0000022)
[0901/144317.014:ERROR:exception_snapshot_win.cc(99)] thread ID 5532 not found in process
[0901/144317.026:ERROR:process_reader_win.cc(151)] SuspendThread: ???? ???????. (0x5)
[0901/144317.026:ERROR:process_reader_win.cc(151)] SuspendThread: ???? ???????. (0x5)
[0901/144317.026:ERROR:process_reader_win.cc(151)] SuspendThread: ???? ???????. (0x5)
[0901/144317.026:ERROR:process_reader_win.cc(123)] NtOpenThread: {??? ??} ????? ??? ???? ????? ??? ??? ????. (0xc0000022)
[0901/144317.026:ERROR:exception_snapshot_win.cc(99)] thread ID 14256 not found in process
[0901/144317.026:ERROR:process_reader_win.cc(123)] NtOpenThread: {??? ??} ????? ??? ???? ????? ??? ??? ????. (0xc0000022)
[0901/144317.027:ERROR:exception_snapshot_win.cc(99)] thread ID 11764 not found in process
[0901/183928.474:ERROR:process_reader_win.cc(123)] NtOpenThread: {??? ??} ????? ??? ???? ????? ??? ??? ????. (0xc0000022)
[0901/183928.475:ERROR:exception_snapshot_win.cc(99)] thread ID 11860 not found in process
[0901/183928.495:ERROR:process_reader_win.cc(123)] NtOpenThread: {??? ??} ????? ??? ???? ????? ??? ??? ????. (0xc0000022)
[0901/183928.497:ERROR:exception_snapshot_win.cc(99)] thread ID 2748 not found in process
[0901/202339.537:ERROR:process_reader_win.cc(151)] SuspendThread: ???? ???????. (0x5)
[0901/202339.538:ERROR:process_reader_win.cc(151)] SuspendThread: ???? ???????. (0x5)
[0901/202339.538:ERROR:process_reader_win.cc(151)] SuspendThread: ???? ???????. (0x5)
[0901/202339.538:ERROR:process_reader_win.cc(151)] SuspendThread: ???? ???????. (0x5)
[0901/202339.538:ERROR:process_reader_win.cc(151)] SuspendThread: ???? ???????. (0x5)
[0901/202339.538:ERROR:process_reader_win.cc(151)] SuspendThread: ???? ???????. (0x5)
[0901/202339.538:ERROR:process_reader_win.cc(151)] SuspendThread: ???? ???????. (0x5)
[0901/202339.538:ERROR:process_reader_win.cc(151)] SuspendThread: ???? ???????. (0x5)
[0901/202339.538:ERROR:process_reader_win.cc(151)] SuspendThread: ???? ???????. (0x5)
[0901/202339.538:ERROR:process_reader_win.cc(151)] SuspendThread: ???? ???????. (0x5)
[0901/202339.538:ERROR:process_reader_win.cc(151)] SuspendThread: ???? ???????. (0x5)
[0901/202339.538:ERROR:process_reader_win.cc(151)] SuspendThread: ???? ???????. (0x5)
[0901/202339.538:ERROR:process_reader_win.cc(151)] SuspendThread: ???? ???????. (0x5)
[0901/202339.538:ERROR:process_reader_win.cc(151)] SuspendThread: ???? ???????. (0x5)
[0901/202339.538:ERROR:process_reader_win.cc(151)] SuspendThread: ???? ???????. (0x5)
[0901/202339.537:ERROR:process_reader_win.cc(151)] SuspendThread: ???? ???????. (0x5)
[0901/202339.538:ERROR:process_reader_win.cc(151)] SuspendThread: ???? ???????. (0x5)
[0901/202339.538:ERROR:process_reader_win.cc(151)] SuspendThread: ???? ???????. (0x5)
[0901/202339.538:ERROR:process_reader_win.cc(151)] SuspendThread: ???? ???????. (0x5)
[0901/202339.538:ERROR:process_reader_win.cc(151)] SuspendThread: ???? ???????. (0x5)
[0901/202339.538:ERROR:process_reader_win.cc(151)] SuspendThread: ???? ???????. (0x5)
[0901/202339.538:ERROR:process_reader_win.cc(151)] SuspendThread: ???? ???????. (0x5)
[0901/202339.538:ERROR:process_reader_win.cc(151)] SuspendThread: ???? ???????. (0x5)
[0901/202339.538:ERROR:process_reader_win.cc(151)] SuspendThread: ???? ???????. (0x5)
[0901/202339.538:ERROR:process_reader_win.cc(151)] SuspendThread: ???? ???????. (0x5)
[0901/202339.538:ERROR:process_reader_win.cc(151)] SuspendThread: ???? ???????. (0x5)
[0901/202339.538:ERROR:process_reader_win.cc(151)] SuspendThread: ???? ???????. (0x5)
[0901/202339.538:ERROR:process_reader_win.cc(123)] NtOpenThread: {??? ??} ????? ??? ???? ????? ??? ??? ????. (0xc0000022)
[0901/202339.538:ERROR:exception_snapshot_win.cc(99)] thread ID 14548 not found in process
[0901/202339.538:ERROR:process_reader_win.cc(151)] SuspendThread: ???? ???????. (0x5)
[0901/202339.538:ERROR:process_reader_win.cc(151)] SuspendThread: ???? ???????. (0x5)
[0901/202339.538:ERROR:process_reader_win.cc(151)] SuspendThread: ???? ???????. (0x5)
[0901/202339.538:ERROR:process_reader_win.cc(151)] SuspendThread: ???? ???????. (0x5)
[0901/202339.538:ERROR:process_reader_win.cc(151)] SuspendThread: ???? ???????. (0x5)
[0901/202339.538:ERROR:process_reader_win.cc(123)] NtOpenThread: {??? ??} ????? ??? ???? ????? ??? ??? ????. (0xc0000022)
[0901/202339.539:ERROR:exception_snapshot_win.cc(99)] thread ID 12828 not found in process
[0901/202339.548:ERROR:process_reader_win.cc(151)] SuspendThread: ???? ???????. (0x5)
[0901/202339.548:ERROR:process_reader_win.cc(123)] NtOpenThread: {??? ??} ????? ??? ???? ????? ??? ??? ????. (0xc0000022)
[0901/202339.548:ERROR:exception_snapshot_win.cc(99)] thread ID 14820 not found in process
[0901/202339.557:ERROR:process_reader_win.cc(151)] SuspendThread: ???? ???????. (0x5)
[0901/202339.557:ERROR:process_reader_win.cc(151)] SuspendThread: ???? ???????. (0x5)
[0901/202339.557:ERROR:process_reader_win.cc(151)] SuspendThread: ???? ???????. (0x5)
[0901/202339.557:ERROR:process_reader_win.cc(151)] SuspendThread: ???? ???????. (0x5)
[0901/202339.557:ERROR:process_reader_win.cc(151)] SuspendThread: ???? ???????. (0x5)
[0901/202339.557:ERROR:process_reader_win.cc(123)] NtOpenThread: {??? ??} ????? ??? ???? ????? ??? ??? ????. (0xc0000022)
[0901/202339.557:ERROR:exception_snapshot_win.cc(99)] thread ID 12068 not found in process
[0901/202339.567:ERROR:process_reader_win.cc(151)] SuspendThread: ???? ???????. (0x5)
[0901/202339.568:ERROR:process_reader_win.cc(151)] SuspendThread: ???? ???????. (0x5)
[0901/202339.568:ERROR:process_reader_win.cc(151)] SuspendThread: ???? ???????. (0x5)
[0901/202339.568:ERROR:process_reader_win.cc(151)] SuspendThread: ???? ???????. (0x5)
[0901/202339.568:ERROR:process_reader_win.cc(123)] NtOpenThread: {??? ??} ????? ??? ???? ????? ??? ??? ????. (0xc0000022)
[0901/202339.568:ERROR:exception_snapshot_win.cc(99)] thread ID 12776 not found in process
[0901/211546.295:ERROR:process_reader_win.cc(151)] SuspendThread: ???? ???????. (0x5)
[0901/211546.296:ERROR:process_reader_win.cc(151)] SuspendThread: ???? ???????. (0x5)
[0901/211546.296:ERROR:process_reader_win.cc(151)] SuspendThread: ???? ???????. (0x5)
[0901/211546.295:ERROR:process_reader_win.cc(151)] SuspendThread: ???? ???????. (0x5)
[0901/211546.296:ERROR:process_reader_win.cc(151)] SuspendThread: ???? ???????. (0x5)
[0901/211546.296:ERROR:process_reader_win.cc(123)] NtOpenThread: {??? ??} ????? ??? ???? ????? ??? ??? ????. (0xc0000022)
[0901/211546.296:ERROR:exception_snapshot_win.cc(99)] thread ID 11656 not found in process
[0901/211546.296:ERROR:process_reader_win.cc(123)] NtOpenThread: {??? ??} ????? ??? ???? ????? ??? ??? ????. (0xc0000022)
[0901/211546.296:ERROR:exception_snapshot_win.cc(99)] thread ID 8920 not found in process
[0901/211546.306:ERROR:process_reader_win.cc(151)] SuspendThread: ???? ???????. (0x5)
[0901/211546.306:ERROR:process_reader_win.cc(123)] NtOpenThread: {??? ??} ????? ??? ???? ????? ??? ??? ????. (0xc0000022)
[0901/211546.306:ERROR:exception_snapshot_win.cc(99)] thread ID 11820 not found in process
[0901/211546.313:ERROR:process_reader_win.cc(151)] SuspendThread: ???? ???????. (0x5)
[0901/211546.314:ERROR:process_reader_win.cc(151)] SuspendThread: ???? ???????. (0x5)
[0901/211546.314:ERROR:process_reader_win.cc(151)] SuspendThread: ???? ???????. (0x5)
[0901/211546.314:ERROR:process_reader_win.cc(151)] SuspendThread: ???? ???????. (0x5)
[0901/211546.314:ERROR:process_reader_win.cc(123)] NtOpenThread: {??? ??} ????? ??? ???? ????? ??? ??? ????. (0xc0000022)
[0901/211546.314:ERROR:exception_snapshot_win.cc(99)] thread ID 14340 not found in process
[0901/211546.317:ERROR:process_reader_win.cc(151)] SuspendThread: ???? ???????. (0x5)
[0901/211546.317:ERROR:process_reader_win.cc(151)] SuspendThread: ???? ???????. (0x5)
[0901/211546.317:ERROR:process_reader_win.cc(151)] SuspendThread: ???? ???????. (0x5)
[0901/211546.317:ERROR:process_reader_win.cc(151)] SuspendThread: ???? ???????. (0x5)
[0901/211546.317:ERROR:process_reader_win.cc(123)] NtOpenThread: {??? ??} ????? ??? ???? ????? ??? ??? ????. (0xc0000022)
[0901/211546.317:ERROR:exception_snapshot_win.cc(99)] thread ID 13140 not found in process
[0902/010341.619:ERROR:process_reader_win.cc(123)] NtOpenThread: {??? ??} ????? ??? ???? ????? ??? ??? ????. (0xc0000022)
[0902/010341.620:ERROR:exception_snapshot_win.cc(99)] thread ID 6664 not found in process
[0902/010341.652:ERROR:process_reader_win.cc(123)] NtOpenThread: {??? ??} ????? ??? ???? ????? ??? ??? ????. (0xc0000022)
[0902/010341.652:ERROR:exception_snapshot_win.cc(99)] thread ID 8556 not found in process
[0902/014550.187:ERROR:process_reader_win.cc(151)] SuspendThread: ???? ???????. (0x5)
[0902/014550.187:ERROR:process_reader_win.cc(151)] SuspendThread: ???? ???????. (0x5)
[0902/014550.188:ERROR:process_reader_win.cc(151)] SuspendThread: ???? ???????. (0x5)
[0902/014550.188:ERROR:process_reader_win.cc(151)] SuspendThread: ???? ???????. (0x5)
[0902/014550.188:ERROR:process_reader_win.cc(151)] SuspendThread: ???? ???????. (0x5)
[0902/014550.188:ERROR:process_reader_win.cc(151)] SuspendThread: ???? ???????. (0x5)
[0902/014550.188:ERROR:process_reader_win.cc(151)] SuspendThread: ???? ???????. (0x5)
[0902/014550.188:ERROR:process_reader_win.cc(151)] SuspendThread: ???? ???????. (0x5)
[0902/014550.188:ERROR:process_reader_win.cc(151)] SuspendThread: ???? ???????. (0x5)
[0902/014550.188:ERROR:process_reader_win.cc(151)] SuspendThread: ???? ???????. (0x5)
[0902/014550.188:ERROR:process_reader_win.cc(151)] SuspendThread: ???? ???????. (0x5)
[0902/014550.188:ERROR:process_reader_win.cc(151)] SuspendThread: ???? ???????. (0x5)
[0902/014550.188:ERROR:process_reader_win.cc(151)] SuspendThread: ???? ???????. (0x5)
[0902/014550.188:ERROR:process_reader_win.cc(151)] SuspendThread: ???? ???????. (0x5)
[0902/014550.188:ERROR:process_reader_win.cc(151)] SuspendThread: ???? ???????. (0x5)
[0902/014550.188:ERROR:process_reader_win.cc(151)] SuspendThread: ???? ???????. (0x5)
[0902/014550.188:ERROR:process_reader_win.cc(151)] SuspendThread: ???? ???????. (0x5)
[0902/014550.188:ERROR:process_reader_win.cc(151)] SuspendThread: ???? ???????. (0x5)
[0902/014550.188:ERROR:process_reader_win.cc(151)] SuspendThread: ???? ???????. (0x5)
[0902/014550.188:ERROR:process_reader_win.cc(151)] SuspendThread: ???? ???????. (0x5)
[0902/014550.188:ERROR:process_reader_win.cc(151)] SuspendThread: ???? ???????. (0x5)
[0902/014550.188:ERROR:process_reader_win.cc(151)] SuspendThread: ???? ???????. (0x5)
[0902/014550.188:ERROR:process_reader_win.cc(151)] SuspendThread: ???? ???????. (0x5)
[0902/014550.188:ERROR:process_reader_win.cc(151)] SuspendThread: ???? ???????. (0x5)
[0902/014550.188:ERROR:process_reader_win.cc(151)] SuspendThread: ???? ???????. (0x5)
[0902/014550.188:ERROR:process_reader_win.cc(151)] SuspendThread: ???? ???????. (0x5)
[0902/014550.188:ERROR:process_reader_win.cc(151)] SuspendThread: ???? ???????. (0x5)
[0902/014550.188:ERROR:process_reader_win.cc(151)] SuspendThread: ???? ???????. (0x5)
[0902/014550.188:ERROR:process_reader_win.cc(151)] SuspendThread: ???? ???????. (0x5)
[0902/014550.188:ERROR:process_reader_win.cc(151)] SuspendThread: ???? ???????. (0x5)
[0902/014550.188:ERROR:process_reader_win.cc(151)] SuspendThread: ???? ???????. (0x5)
[0902/014550.188:ERROR:process_reader_win.cc(123)] NtOpenThread: {??? ??} ????? ??? ???? ????? ??? ??? ????. (0xc0000022)
[0902/014550.188:ERROR:exception_snapshot_win.cc(99)] thread ID 8992 not found in process
[0902/014550.188:ERROR:process_reader_win.cc(123)] NtOpenThread: {??? ??} ????? ??? ???? ????? ??? ??? ????. (0xc0000022)
[0902/014550.188:ERROR:exception_snapshot_win.cc(99)] thread ID 10948 not found in process
[0902/014550.198:ERROR:process_reader_win.cc(151)] SuspendThread: ???? ???????. (0x5)
[0902/014550.199:ERROR:process_reader_win.cc(123)] NtOpenThread: {??? ??} ????? ??? ???? ????? ??? ??? ????. (0xc0000022)
[0902/014550.199:ERROR:exception_snapshot_win.cc(99)] thread ID 2512 not found in process
[0902/014550.220:ERROR:process_reader_win.cc(151)] SuspendThread: ???? ???????. (0x5)
[0902/014550.220:ERROR:process_reader_win.cc(151)] SuspendThread: ???? ???????. (0x5)
[0902/014550.220:ERROR:process_reader_win.cc(151)] SuspendThread: ???? ???????. (0x5)
[0902/014550.220:ERROR:process_reader_win.cc(151)] SuspendThread: ???? ???????. (0x5)
[0902/014550.220:ERROR:process_reader_win.cc(123)] NtOpenThread: {??? ??} ????? ??? ???? ????? ??? ??? ????. (0xc0000022)
[0902/014550.220:ERROR:exception_snapshot_win.cc(99)] thread ID 6688 not found in process
[0902/014550.222:ERROR:process_reader_win.cc(151)] SuspendThread: ???? ???????. (0x5)
[0902/014550.222:ERROR:process_reader_win.cc(151)] SuspendThread: ???? ???????. (0x5)
[0902/014550.222:ERROR:process_reader_win.cc(151)] SuspendThread: ???? ???????. (0x5)
[0902/014550.222:ERROR:process_reader_win.cc(151)] SuspendThread: ???? ???????. (0x5)
[0902/014550.222:ERROR:process_reader_win.cc(151)] SuspendThread: ???? ???????. (0x5)
[0902/014550.222:ERROR:process_reader_win.cc(123)] NtOpenThread: {??? ??} ????? ??? ???? ????? ??? ??? ????. (0xc0000022)
[0902/014550.222:ERROR:exception_snapshot_win.cc(99)] thread ID 16064 not found in process
